<?xml version="1.0" encoding="UTF-8"?>
<!-- Generated by org.testng.reporters.JUnitReportReporter -->
<testsuite hostname="DESKTOP-9UHU5ML" failures="0" tests="5" name="testCases.TC003_LoginDDT" time="19.922" errors="0" timestamp="2024-09-20T11:06:55 IST" skipped="0">
  <testcase classname="testCases.TC003_LoginDDT" name="verify_LoginDDT" time="2.172"/>
  <testcase classname="testCases.TC003_LoginDDT" name="verify_LoginDDT" time="2.503"/>
  <testcase classname="testCases.TC003_LoginDDT" name="verify_LoginDDT" time="11.085"/>
  <testcase classname="testCases.TC003_LoginDDT" name="verify_LoginDDT" time="1.964"/>
  <testcase classname="testCases.TC003_LoginDDT" name="verify_LoginDDT" time="2.198"/>
</testsuite> <!-- testCases.TC003_LoginDDT -->
