<?xml version="1.0" encoding="UTF-8"?>
<!-- Generated by org.testng.reporters.JUnitReportReporter -->
<testsuite hostname="DESKTOP-9UHU5ML" failures="0" tests="1" name="testCases.TC001_AccountRegistrationTest" time="2.843" errors="0" timestamp="2024-10-02T19:37:11 IST" skipped="0">
  <testcase classname="testCases.TC001_AccountRegistrationTest" name="verify_account_registration" time="2.843"/>
</testsuite> <!-- testCases.TC001_AccountRegistrationTest -->
