<?xml version="1.0" encoding="UTF-8"?>
<!-- Generated by org.testng.reporters.JUnitReportReporter -->
<testsuite hostname="DESKTOP-9UHU5ML" failures="0" tests="1" name="testCases.TC002_LoginTest" time="2.057" errors="0" timestamp="2024-10-02T07:57:03 IST" skipped="0">
  <testcase classname="testCases.TC002_LoginTest" name="Verify_login" time="2.057"/>
</testsuite> <!-- testCases.TC002_LoginTest -->
